timestamp,p_value,drift
1726585218591185081,[0.2034157  0.92871768 0.01846413 0.7186561  0.63823428 0.1931037
 0.6784367  0.48291652 0.72826971 0.71366371],False
1726585229198324531,[0.11624139 0.73272598 0.03327209 0.95653567 0.4083349  0.51725964
 0.91065161 0.49838161 0.28490967 0.67253276],False
1726585239682787774,[0.71032866 0.86872244 0.57632673 0.58064672 0.09309961 0.45330006
 0.89558716 0.08099342 0.326661   0.07944087],False
1726585250554403350,[0.76558978 0.88938248 0.90309672 0.51709975 0.13029683 0.77356982
 0.15509438 0.34646265 0.90691322 0.88926148],False
1726585260706284175,[0.18505296 0.42365604 0.66966316 0.55109499 0.32900097 0.21117782
 0.73173681 0.51008536 0.8050164  0.11859725],False
1726585271720292562,[1.59857459e-38 4.68956400e-39 2.50106035e-40 1.78560827e-39
 1.78699406e-38 1.61387789e-38 1.93589172e-39 5.19964230e-39
 1.42081345e-38 1.78699406e-38],True
1726585281986691199,[0. 0. 0. 0. 0. 0. 0. 0. 0. 0.],True
1726585292216046495,[0. 0. 0. 0. 0. 0. 0. 0. 0. 0.],True
1726585302692747210,[0. 0. 0. 0. 0. 0. 0. 0. 0. 0.],True
1726585313415924873,[0. 0. 0. 0. 0. 0. 0. 0. 0. 0.],True
1726585323919484443,[0. 0. 0. 0. 0. 0. 0. 0. 0. 0.],True
1726585334869734255,[0. 0. 0. 0. 0. 0. 0. 0. 0. 0.],True
1726585345179120314,[0. 0. 0. 0. 0. 0. 0. 0. 0. 0.],True
1726585355419448900,[0. 0. 0. 0. 0. 0. 0. 0. 0. 0.],True
1726585365670913015,[0. 0. 0. 0. 0. 0. 0. 0. 0. 0.],True
1726585375827824903,[0. 0. 0. 0. 0. 0. 0. 0. 0. 0.],True
1726585386043303519,[0. 0. 0. 0. 0. 0. 0. 0. 0. 0.],True
1726585396471910331,[0. 0. 0. 0. 0. 0. 0. 0. 0. 0.],True
1726585406826297742,[0. 0. 0. 0. 0. 0. 0. 0. 0. 0.],True
1726585417326207672,[0. 0. 0. 0. 0. 0. 0. 0. 0. 0.],True
1726585428163726234,[0. 0. 0. 0. 0. 0. 0. 0. 0. 0.],True
1726585438438455834,[0. 0. 0. 0. 0. 0. 0. 0. 0. 0.],True
1726585448769687362,[0. 0. 0. 0. 0. 0. 0. 0. 0. 0.],True
1726585459856869702,[0. 0. 0. 0. 0. 0. 0. 0. 0. 0.],True
1726585470155945658,[0. 0. 0. 0. 0. 0. 0. 0. 0. 0.],True
1726585480687399469,[0. 0. 0. 0. 0. 0. 0. 0. 0. 0.],True
1726585491301018441,[0. 0. 0. 0. 0. 0. 0. 0. 0. 0.],True
1726585501694926551,[0. 0. 0. 0. 0. 0. 0. 0. 0. 0.],True
1726585512139323499,[0. 0. 0. 0. 0. 0. 0. 0. 0. 0.],True
1726585528407611859,[0. 0. 0. 0. 0. 0. 0. 0. 0. 0.],True
1726585546717300259,[0. 0. 0. 0. 0. 0. 0. 0. 0. 0.],True
1726585561962813851,[0. 0. 0. 0. 0. 0. 0. 0. 0. 0.],True
1726585572159915236,[0. 0. 0. 0. 0. 0. 0. 0. 0. 0.],True
1726585582440954987,[0. 0. 0. 0. 0. 0. 0. 0. 0. 0.],True
1726585592668673992,[0. 0. 0. 0. 0. 0. 0. 0. 0. 0.],True
1726585603056616374,[0. 0. 0. 0. 0. 0. 0. 0. 0. 0.],True
1726585613442165070,[0. 0. 0. 0. 0. 0. 0. 0. 0. 0.],True
1726585623766276800,[0. 0. 0. 0. 0. 0. 0. 0. 0. 0.],True
1726585634150771899,[0. 0. 0. 0. 0. 0. 0. 0. 0. 0.],True
1726585644433892035,[0. 0. 0. 0. 0. 0. 0. 0. 0. 0.],True
1726585654633569650,[0. 0. 0. 0. 0. 0. 0. 0. 0. 0.],True
1726585665062089489,[0. 0. 0. 0. 0. 0. 0. 0. 0. 0.],True
1726585675377998122,[0. 0. 0. 0. 0. 0. 0. 0. 0. 0.],True
1726585685813901385,[0. 0. 0. 0. 0. 0. 0. 0. 0. 0.],True
1726585696470965581,[0. 0. 0. 0. 0. 0. 0. 0. 0. 0.],True
1726585706676469939,[0. 0. 0. 0. 0. 0. 0. 0. 0. 0.],True
1726585716944227191,[0. 0. 0. 0. 0. 0. 0. 0. 0. 0.],True
1726585727265024451,[0. 0. 0. 0. 0. 0. 0. 0. 0. 0.],True
1726585737813775441,[0. 0. 0. 0. 0. 0. 0. 0. 0. 0.],True
1726585748424156989,[0. 0. 0. 0. 0. 0. 0. 0. 0. 0.],True
1726585761328146273,[0. 0. 0. 0. 0. 0. 0. 0. 0. 0.],True
1726585771455723925,[0. 0. 0. 0. 0. 0. 0. 0. 0. 0.],True
